{
  "RSpec": {
    "coverage": {
      "/Users/michaelalexlynch/turing/2module/projects/adopt_dont_shop_paired/config/environment.rb": [
        null,
        1,
        null,
        null,
        1
      ],
      "/Users/michaelalexlynch/turing/2module/projects/adopt_dont_shop_paired/config/application.rb": [
        1,
        null,
        1,
        null,
        1,
        1,
        1,
        1,
        1,
        1,
        1,
        1,
        null,
        null,
        null,
        null,
        1,
        null,
        1,
        1,
        null,
        1,
        null,
        null,
        null,
        null,
        null,
        null,
        1,
        null,
        null
      ],
      "/Users/michaelalexlynch/turing/2module/projects/adopt_dont_shop_paired/config/boot.rb": [
        1,
        null,
        1
      ],
      "/Users/michaelalexlynch/turing/2module/projects/adopt_dont_shop_paired/config/environments/test.rb": [
        1,
        null,
        null,
        null,
        null,
        null,
        null,
        1,
        null,
        null,
        null,
        null,
        1,
        null,
        null,
        1,
        1,
        null,
        null,
        null,
        null,
        1,
        1,
        null,
        null,
        1,
        null,
        null,
        1,
        1,
        null,
        null,
        null,
        null,
        1,
        null,
        null,
        1,
        null,
        null,
        null,
        null
      ],
      "/Users/michaelalexlynch/turing/2module/projects/adopt_dont_shop_paired/config/initializers/application_controller_renderer.rb": [
        null,
        null,
        null,
        null,
        null,
        null,
        null,
        null
      ],
      "/Users/michaelalexlynch/turing/2module/projects/adopt_dont_shop_paired/config/initializers/assets.rb": [
        null,
        null,
        null,
        1,
        null,
        null,
        null,
        null,
        1,
        null,
        null,
        null,
        null,
        null
      ],
      "/Users/michaelalexlynch/turing/2module/projects/adopt_dont_shop_paired/config/initializers/backtrace_silencers.rb": [
        null,
        null,
        null,
        null,
        null,
        null,
        null
      ],
      "/Users/michaelalexlynch/turing/2module/projects/adopt_dont_shop_paired/config/initializers/cookies_serializer.rb": [
        null,
        null,
        null,
        null,
        1
      ],
      "/Users/michaelalexlynch/turing/2module/projects/adopt_dont_shop_paired/config/initializers/filter_parameter_logging.rb": [
        null,
        null,
        null,
        1
      ],
      "/Users/michaelalexlynch/turing/2module/projects/adopt_dont_shop_paired/config/initializers/inflections.rb": [
        null,
        null,
        null,
        null,
        null,
        null,
        null,
        null,
        null,
        null,
        null,
        null,
        null,
        null,
        null,
        null
      ],
      "/Users/michaelalexlynch/turing/2module/projects/adopt_dont_shop_paired/config/initializers/mime_types.rb": [
        null,
        null,
        null,
        null
      ],
      "/Users/michaelalexlynch/turing/2module/projects/adopt_dont_shop_paired/config/initializers/wrap_parameters.rb": [
        null,
        null,
        null,
        null,
        null,
        null,
        1,
        2,
        null,
        null,
        null,
        null,
        null,
        null
      ],
      "/Users/michaelalexlynch/turing/2module/projects/adopt_dont_shop_paired/config/routes.rb": [
        1,
        null,
        null,
        1,
        null,
        1,
        1,
        1,
        1,
        1,
        1,
        1,
        null,
        1,
        1,
        1,
        1,
        1,
        null,
        1,
        1,
        1,
        null
      ],
      "/Users/michaelalexlynch/turing/2module/projects/adopt_dont_shop_paired/app/helpers/application_helper.rb": [
        1,
        null
      ],
      "/Users/michaelalexlynch/turing/2module/projects/adopt_dont_shop_paired/spec/features/pets/edit_spec.rb": [
        1,
        null,
        1,
        1,
        null,
        1,
        null,
        null,
        null,
        null,
        null,
        1,
        null,
        null,
        null,
        null,
        null,
        null,
        null,
        null,
        null,
        1,
        null,
        1,
        null,
        1,
        null,
        1,
        1,
        1,
        1,
        1,
        null,
        1,
        null,
        1,
        null,
        1,
        1,
        1,
        1,
        1,
        null,
        1,
        1,
        1,
        1,
        1,
        null,
        null
      ],
      "/Users/michaelalexlynch/turing/2module/projects/adopt_dont_shop_paired/spec/features/pets/index_spec.rb": [
        1,
        null,
        1,
        1,
        1,
        null,
        null,
        null,
        null,
        null,
        1,
        null,
        null,
        null,
        null,
        null,
        1,
        null,
        null,
        null,
        null,
        null,
        null,
        null,
        1,
        null,
        null,
        null,
        null,
        null,
        null,
        null,
        1,
        null,
        1,
        1,
        1,
        1,
        1,
        1,
        null,
        1,
        1,
        1,
        1,
        1,
        1,
        null,
        1,
        1,
        null,
        null,
        1,
        null,
        1,
        1,
        1,
        1,
        1,
        null,
        1,
        null,
        1,
        null,
        1,
        null,
        1,
        1,
        null,
        null,
        1,
        1,
        null,
        null
      ],
      "/Users/michaelalexlynch/turing/2module/projects/adopt_dont_shop_paired/spec/features/pets/show_spec.rb": [
        1,
        null,
        1,
        1,
        1,
        null,
        null,
        null,
        null,
        null,
        1,
        null,
        null,
        null,
        null,
        null,
        1,
        null,
        null,
        null,
        null,
        null,
        null,
        null,
        null,
        1,
        null,
        null,
        null,
        null,
        null,
        null,
        null,
        null,
        1,
        null,
        1,
        1,
        1,
        1,
        1,
        1,
        1,
        null,
        1,
        1,
        1,
        1,
        1,
        1,
        null,
        1,
        null,
        1,
        1,
        1,
        1,
        1,
        1,
        1,
        null,
        1,
        1,
        1,
        1,
        1,
        1,
        null,
        null
      ],
      "/Users/michaelalexlynch/turing/2module/projects/adopt_dont_shop_paired/spec/features/shelter_pets/create_spec.rb": [
        1,
        null,
        1,
        1,
        1,
        null,
        null,
        null,
        null,
        null,
        1,
        null,
        1,
        null,
        1,
        null,
        1,
        1,
        1,
        1,
        1,
        null,
        1,
        null,
        1,
        null,
        1,
        1,
        null,
        null
      ],
      "/Users/michaelalexlynch/turing/2module/projects/adopt_dont_shop_paired/spec/features/shelter_pets/delete_spec.rb": [
        1,
        null,
        1,
        1,
        1,
        null,
        null,
        null,
        null,
        null,
        1,
        null,
        null,
        null,
        null,
        null,
        1,
        1,
        null,
        1,
        1,
        null,
        null
      ],
      "/Users/michaelalexlynch/turing/2module/projects/adopt_dont_shop_paired/spec/features/shelter_pets/index_spec.rb": [
        1,
        null,
        1,
        1,
        1,
        null,
        null,
        null,
        null,
        null,
        1,
        null,
        null,
        null,
        null,
        null,
        1,
        null,
        null,
        null,
        null,
        null,
        null,
        1,
        null,
        null,
        null,
        null,
        null,
        null,
        1,
        null,
        1,
        1,
        1,
        1,
        null,
        1,
        1,
        1,
        1,
        null,
        null
      ],
      "/Users/michaelalexlynch/turing/2module/projects/adopt_dont_shop_paired/spec/features/shelter_reviews/show_spec.rb": [

      ],
      "/Users/michaelalexlynch/turing/2module/projects/adopt_dont_shop_paired/spec/features/shelters/create_spec.rb": [
        1,
        null,
        1,
        1,
        null,
        1,
        1,
        1,
        null,
        1,
        null,
        1,
        1,
        1,
        1,
        1,
        1,
        null,
        1,
        1,
        null,
        null
      ],
      "/Users/michaelalexlynch/turing/2module/projects/adopt_dont_shop_paired/spec/features/shelters/delete_spec.rb": [
        1,
        null,
        1,
        1,
        1,
        null,
        null,
        null,
        null,
        null,
        1,
        null,
        null,
        null,
        null,
        null,
        1,
        null,
        null,
        null,
        null,
        null,
        null,
        1,
        null,
        1,
        1,
        null,
        1,
        null,
        1,
        null,
        1,
        1,
        null,
        1,
        null,
        1,
        1,
        null,
        null
      ],
      "/Users/michaelalexlynch/turing/2module/projects/adopt_dont_shop_paired/spec/features/shelters/index_spec.rb": [
        1,
        null,
        1,
        1,
        1,
        null,
        null,
        null,
        null,
        null,
        1,
        null,
        null,
        null,
        null,
        null,
        1,
        null,
        1,
        1,
        null,
        1,
        1,
        null,
        null,
        1,
        null,
        1,
        1,
        1,
        1,
        1,
        null,
        1,
        null,
        1,
        null,
        1,
        null,
        1,
        1,
        null,
        null,
        1,
        1,
        null,
        null
      ],
      "/Users/michaelalexlynch/turing/2module/projects/adopt_dont_shop_paired/spec/features/shelters/show_spec.rb": [
        1,
        null,
        1,
        1,
        1,
        null,
        null,
        null,
        null,
        null,
        1,
        null,
        null,
        null,
        null,
        null,
        1,
        null,
        1,
        1,
        null,
        1,
        1,
        1,
        1,
        1,
        1,
        null,
        1,
        null,
        1,
        1,
        null,
        null
      ],
      "/Users/michaelalexlynch/turing/2module/projects/adopt_dont_shop_paired/spec/features/shelters/update_spec.rb": [
        1,
        null,
        1,
        1,
        null,
        1,
        null,
        null,
        null,
        null,
        null,
        1,
        null,
        1,
        1,
        null,
        1,
        null,
        1,
        1,
        1,
        1,
        1,
        null,
        1,
        null,
        1,
        1,
        1,
        null,
        null
      ],
      "/Users/michaelalexlynch/turing/2module/projects/adopt_dont_shop_paired/spec/features/welcome/welcome_spec.rb": [
        1,
        null,
        1,
        1,
        1,
        null,
        1,
        null,
        null
      ],
      "/Users/michaelalexlynch/turing/2module/projects/adopt_dont_shop_paired/spec/models/pet_spec.rb": [
        1,
        null,
        1,
        1,
        2,
        null,
        null
      ],
      "/Users/michaelalexlynch/turing/2module/projects/adopt_dont_shop_paired/app/models/pet.rb": [
        1,
        1,
        null
      ],
      "/Users/michaelalexlynch/turing/2module/projects/adopt_dont_shop_paired/app/models/application_record.rb": [
        1,
        1,
        null
      ],
      "/Users/michaelalexlynch/turing/2module/projects/adopt_dont_shop_paired/spec/models/shelter_spec.rb": [
        1,
        null,
        1,
        1,
        2,
        null,
        null
      ],
      "/Users/michaelalexlynch/turing/2module/projects/adopt_dont_shop_paired/app/models/shelter.rb": [
        1,
        1,
        null
      ],
      "/Users/michaelalexlynch/turing/2module/projects/adopt_dont_shop_paired/app/controllers/pets_controller.rb": [
        1,
        null,
        1,
        5,
        null,
        null,
        1,
        6,
        null,
        null,
        1,
        2,
        null,
        null,
        1,
        2,
        2,
        null,
        null,
        1,
        2,
        2,
        2,
        null,
        null,
        1,
        null,
        1,
        2,
        null,
        null
      ],
      "/Users/michaelalexlynch/turing/2module/projects/adopt_dont_shop_paired/app/controllers/application_controller.rb": [
        1,
        1,
        null
      ],
      "/Users/michaelalexlynch/turing/2module/projects/adopt_dont_shop_paired/app/controllers/shelter_pets_controller.rb": [
        1,
        null,
        1,
        4,
        null,
        null,
        1,
        1,
        null,
        null,
        1,
        1,
        1,
        1,
        null,
        null,
        1,
        null,
        1,
        1,
        null,
        null
      ],
      "/Users/michaelalexlynch/turing/2module/projects/adopt_dont_shop_paired/app/controllers/shelter_controller.rb": [
        1,
        null,
        1,
        10,
        null,
        null,
        1,
        6,
        null,
        null,
        1,
        null,
        null,
        1,
        1,
        1,
        null,
        null,
        1,
        2,
        null,
        null,
        1,
        2,
        2,
        null,
        null,
        1,
        3,
        3,
        3,
        null,
        null,
        1,
        null,
        1,
        3,
        null,
        null
      ],
      "/Users/michaelalexlynch/turing/2module/projects/adopt_dont_shop_paired/app/controllers/welcome_controller.rb": [
        1,
        1,
        null,
        null
      ]
    },
    "timestamp": 1585082609
  }
}
